<?xml version="1.0" encoding="UTF-8"?>
<testng-results ignored="0" total="1" passed="1" failed="0" skipped="0">
  <reporter-output>
  </reporter-output>
  <suite started-at="2022-08-01T17:28:25 IST" name="Suite" finished-at="2022-08-01T17:29:32 IST" duration-ms="67169">
    <groups>
    </groups>
    <test started-at="2022-08-01T17:28:25 IST" name="Test" finished-at="2022-08-01T17:29:32 IST" duration-ms="67169">
      <class name="com.leafTabs.ui.tests.EditLead">
        <test-method is-config="true" signature="setData()[pri:0, instance:com.leafTabs.ui.tests.EditLead@34a3d150]" started-at="2022-08-01T17:28:25 IST" name="setData" finished-at="2022-08-01T17:28:25 IST" duration-ms="13" status="PASS">
          <reporter-output>
          </reporter-output>
        </test-method> <!-- setData -->
        <test-method is-config="true" signature="beforeMethod(java.lang.String,java.lang.String)[pri:0, instance:com.leafTabs.ui.tests.EditLead@34a3d150]" started-at="2022-08-01T17:28:26 IST" name="beforeMethod" finished-at="2022-08-01T17:29:02 IST" duration-ms="35698" status="PASS">
          <params>
            <param index="0">
              <value>
                <![CDATA[Edge]]>
              </value>
            </param>
            <param index="1">
              <value>
                <![CDATA[http://leaftaps.com/opentaps/control/main]]>
              </value>
            </param>
          </params>
          <reporter-output>
          </reporter-output>
        </test-method> <!-- beforeMethod -->
        <test-method signature="test(java.lang.String,java.lang.String,java.lang.String,java.lang.String)[pri:0, instance:com.leafTabs.ui.tests.EditLead@34a3d150]" started-at="2022-08-01T17:29:02 IST" name="test" data-provider="testData" finished-at="2022-08-01T17:29:31 IST" duration-ms="28581" status="PASS">
          <params>
            <param index="0">
              <value>
                <![CDATA[DemoCSR]]>
              </value>
            </param>
            <param index="1">
              <value>
                <![CDATA[crmsfa]]>
              </value>
            </param>
            <param index="2">
              <value>
                <![CDATA[9999]]>
              </value>
            </param>
            <param index="3">
              <value>
                <![CDATA[MicroSoft]]>
              </value>
            </param>
          </params>
          <reporter-output>
          </reporter-output>
        </test-method> <!-- test -->
        <test-method is-config="true" signature="afterMethod()[pri:0, instance:com.leafTabs.ui.tests.EditLead@34a3d150]" started-at="2022-08-01T17:29:31 IST" name="afterMethod" finished-at="2022-08-01T17:29:32 IST" duration-ms="1227" status="PASS">
          <reporter-output>
          </reporter-output>
        </test-method> <!-- afterMethod -->
      </class> <!-- com.leafTabs.ui.tests.EditLead -->
    </test> <!-- Test -->
  </suite> <!-- Suite -->
</testng-results>
